2019-06-13 09:41:50,743 ERROR: Exception on /reset_password_request [GET] [in /Users/digitalislands/Projects/microblog/venv/lib/python3.7/site-packages/flask/app.py:1780]
Traceback (most recent call last):
  File "/Users/digitalislands/Projects/microblog/venv/lib/python3.7/site-packages/flask/app.py", line 2311, in wsgi_app
    response = self.full_dispatch_request()
  File "/Users/digitalislands/Projects/microblog/venv/lib/python3.7/site-packages/flask/app.py", line 1834, in full_dispatch_request
    rv = self.handle_user_exception(e)
  File "/Users/digitalislands/Projects/microblog/venv/lib/python3.7/site-packages/flask/app.py", line 1737, in handle_user_exception
    reraise(exc_type, exc_value, tb)
  File "/Users/digitalislands/Projects/microblog/venv/lib/python3.7/site-packages/flask/_compat.py", line 36, in reraise
    raise value
  File "/Users/digitalislands/Projects/microblog/venv/lib/python3.7/site-packages/flask/app.py", line 1832, in full_dispatch_request
    rv = self.dispatch_request()
  File "/Users/digitalislands/Projects/microblog/venv/lib/python3.7/site-packages/flask/app.py", line 1818, in dispatch_request
    return self.view_functions[rule.endpoint](**req.view_args)
  File "/Users/digitalislands/Projects/microblog/app/routes.py", line 170, in reset_password_request
    return render_template('reset_password_request.html', title='Reset Password', form=form)
  File "/Users/digitalislands/Projects/microblog/venv/lib/python3.7/site-packages/flask/templating.py", line 134, in render_template
    return _render(ctx.app.jinja_env.get_or_select_template(template_name_or_list),
  File "/Users/digitalislands/Projects/microblog/venv/lib/python3.7/site-packages/jinja2/environment.py", line 869, in get_or_select_template
    return self.get_template(template_name_or_list, parent, globals)
  File "/Users/digitalislands/Projects/microblog/venv/lib/python3.7/site-packages/jinja2/environment.py", line 830, in get_template
    return self._load_template(name, self.make_globals(globals))
  File "/Users/digitalislands/Projects/microblog/venv/lib/python3.7/site-packages/jinja2/environment.py", line 804, in _load_template
    template = self.loader.load(self, name, globals)
  File "/Users/digitalislands/Projects/microblog/venv/lib/python3.7/site-packages/jinja2/loaders.py", line 125, in load
    code = environment.compile(source, name, filename)
  File "/Users/digitalislands/Projects/microblog/venv/lib/python3.7/site-packages/jinja2/environment.py", line 591, in compile
    self.handle_exception(exc_info, source_hint=source_hint)
  File "/Users/digitalislands/Projects/microblog/venv/lib/python3.7/site-packages/jinja2/environment.py", line 780, in handle_exception
    reraise(exc_type, exc_value, tb)
  File "/Users/digitalislands/Projects/microblog/venv/lib/python3.7/site-packages/jinja2/_compat.py", line 37, in reraise
    raise value.with_traceback(tb)
  File "/Users/digitalislands/Projects/microblog/app/templates/reset_password_request.html", line 9, in template
    {{ form.email)size=64) }}<br>
  File "/Users/digitalislands/Projects/microblog/venv/lib/python3.7/site-packages/jinja2/environment.py", line 497, in _parse
    return Parser(self, source, name, encode_filename(filename)).parse()
  File "/Users/digitalislands/Projects/microblog/venv/lib/python3.7/site-packages/jinja2/parser.py", line 901, in parse
    result = nodes.Template(self.subparse(), lineno=1)
  File "/Users/digitalislands/Projects/microblog/venv/lib/python3.7/site-packages/jinja2/parser.py", line 883, in subparse
    rv = self.parse_statement()
  File "/Users/digitalislands/Projects/microblog/venv/lib/python3.7/site-packages/jinja2/parser.py", line 130, in parse_statement
    return getattr(self, 'parse_' + self.stream.current.value)()
  File "/Users/digitalislands/Projects/microblog/venv/lib/python3.7/site-packages/jinja2/parser.py", line 268, in parse_block
    node.body = self.parse_statements(('name:endblock',), drop_needle=True)
  File "/Users/digitalislands/Projects/microblog/venv/lib/python3.7/site-packages/jinja2/parser.py", line 165, in parse_statements
    result = self.subparse(end_tokens)
  File "/Users/digitalislands/Projects/microblog/venv/lib/python3.7/site-packages/jinja2/parser.py", line 875, in subparse
    add_data(self.parse_tuple(with_condexpr=True))
  File "/Users/digitalislands/Projects/microblog/venv/lib/python3.7/site-packages/jinja2/parser.py", line 620, in parse_tuple
    args.append(parse())
  File "/Users/digitalislands/Projects/microblog/venv/lib/python3.7/site-packages/jinja2/parser.py", line 432, in parse_expression
    return self.parse_condexpr()
  File "/Users/digitalislands/Projects/microblog/venv/lib/python3.7/site-packages/jinja2/parser.py", line 437, in parse_condexpr
    expr1 = self.parse_or()
  File "/Users/digitalislands/Projects/microblog/venv/lib/python3.7/site-packages/jinja2/parser.py", line 450, in parse_or
    left = self.parse_and()
  File "/Users/digitalislands/Projects/microblog/venv/lib/python3.7/site-packages/jinja2/parser.py", line 459, in parse_and
    left = self.parse_not()
  File "/Users/digitalislands/Projects/microblog/venv/lib/python3.7/site-packages/jinja2/parser.py", line 470, in parse_not
    return self.parse_compare()
  File "/Users/digitalislands/Projects/microblog/venv/lib/python3.7/site-packages/jinja2/parser.py", line 474, in parse_compare
    expr = self.parse_math1()
  File "/Users/digitalislands/Projects/microblog/venv/lib/python3.7/site-packages/jinja2/parser.py", line 496, in parse_math1
    left = self.parse_concat()
  File "/Users/digitalislands/Projects/microblog/venv/lib/python3.7/site-packages/jinja2/parser.py", line 507, in parse_concat
    args = [self.parse_math2()]
  File "/Users/digitalislands/Projects/microblog/venv/lib/python3.7/site-packages/jinja2/parser.py", line 517, in parse_math2
    left = self.parse_pow()
  File "/Users/digitalislands/Projects/microblog/venv/lib/python3.7/site-packages/jinja2/parser.py", line 528, in parse_pow
    left = self.parse_unary()
  File "/Users/digitalislands/Projects/microblog/venv/lib/python3.7/site-packages/jinja2/parser.py", line 547, in parse_unary
    node = self.parse_postfix(node)
  File "/Users/digitalislands/Projects/microblog/venv/lib/python3.7/site-packages/jinja2/parser.py", line 672, in parse_postfix
    node = self.parse_subscript(node)
  File "/Users/digitalislands/Projects/microblog/venv/lib/python3.7/site-packages/jinja2/parser.py", line 700, in parse_subscript
    next(self.stream)
  File "/Users/digitalislands/Projects/microblog/venv/lib/python3.7/site-packages/jinja2/lexer.py", line 359, in __next__
    self.current = next(self._iter)
  File "/Users/digitalislands/Projects/microblog/venv/lib/python3.7/site-packages/jinja2/lexer.py", line 562, in wrap
    for lineno, token, value in stream:
  File "/Users/digitalislands/Projects/microblog/venv/lib/python3.7/site-packages/jinja2/lexer.py", line 683, in tokeniter
    filename)
jinja2.exceptions.TemplateSyntaxError: unexpected ')'
2019-06-13 09:45:32,318 INFO: Microblog startup [in /Users/digitalislands/Projects/microblog/app/__init__.py:49]
2019-06-13 09:48:50,539 INFO: Microblog startup [in /Users/digitalislands/Projects/microblog/app/__init__.py:49]
